23:27:25.806 [main] INFO  com.tidus5.NettyTest.App - OK
23:27:45.908 [main] INFO  com.tidus5.NettyTest.App - OK
23:28:01.195 [main] INFO  com.tidus5.NettyTest.App - OK
23:28:11.927 [main] INFO  com.tidus5.NettyTest.App - OK
22:20:47.460 [main] INFO  com.tidus5.NettyTest.App - OK
22:21:00.011 [main] INFO  com.tidus5.NettyTest.App - OK
00:25:55.616 [nioEventLoopGroup-2-1] ERROR com.tidus5.NettyTest.net.ServerHandler - 远程主机强迫关闭了一个现有的连接。
java.io.IOException: 远程主机强迫关闭了一个现有的连接。
	at sun.nio.ch.SocketDispatcher.read0(Native Method) ~[?:1.8.0_121]
	at sun.nio.ch.SocketDispatcher.read(SocketDispatcher.java:43) ~[?:1.8.0_121]
	at sun.nio.ch.IOUtil.readIntoNativeBuffer(IOUtil.java:223) ~[?:1.8.0_121]
	at sun.nio.ch.IOUtil.read(IOUtil.java:192) ~[?:1.8.0_121]
	at sun.nio.ch.SocketChannelImpl.read(SocketChannelImpl.java:380) ~[?:1.8.0_121]
	at io.netty.buffer.PooledUnsafeDirectByteBuf.setBytes(PooledUnsafeDirectByteBuf.java:288) ~[netty-all-4.1.13.Final.jar:4.1.13.Final]
	at io.netty.buffer.AbstractByteBuf.writeBytes(AbstractByteBuf.java:1100) ~[netty-all-4.1.13.Final.jar:4.1.13.Final]
	at io.netty.channel.socket.nio.NioSocketChannel.doReadBytes(NioSocketChannel.java:372) ~[netty-all-4.1.13.Final.jar:4.1.13.Final]
	at io.netty.channel.nio.AbstractNioByteChannel$NioByteUnsafe.read(AbstractNioByteChannel.java:123) [netty-all-4.1.13.Final.jar:4.1.13.Final]
	at io.netty.channel.nio.NioEventLoop.processSelectedKey(NioEventLoop.java:644) [netty-all-4.1.13.Final.jar:4.1.13.Final]
	at io.netty.channel.nio.NioEventLoop.processSelectedKeysOptimized(NioEventLoop.java:579) [netty-all-4.1.13.Final.jar:4.1.13.Final]
	at io.netty.channel.nio.NioEventLoop.processSelectedKeys(NioEventLoop.java:496) [netty-all-4.1.13.Final.jar:4.1.13.Final]
	at io.netty.channel.nio.NioEventLoop.run(NioEventLoop.java:458) [netty-all-4.1.13.Final.jar:4.1.13.Final]
	at io.netty.util.concurrent.SingleThreadEventExecutor$5.run(SingleThreadEventExecutor.java:858) [netty-all-4.1.13.Final.jar:4.1.13.Final]
	at io.netty.util.concurrent.DefaultThreadFactory$DefaultRunnableDecorator.run(DefaultThreadFactory.java:138) [netty-all-4.1.13.Final.jar:4.1.13.Final]
	at java.lang.Thread.run(Thread.java:745) [?:1.8.0_121]
00:28:06.275 [nioEventLoopGroup-3-1] ERROR com.tidus5.NettyTest.net.ServerHandler - 远程主机强迫关闭了一个现有的连接。
java.io.IOException: 远程主机强迫关闭了一个现有的连接。
	at sun.nio.ch.SocketDispatcher.read0(Native Method) ~[?:1.8.0_121]
	at sun.nio.ch.SocketDispatcher.read(SocketDispatcher.java:43) ~[?:1.8.0_121]
	at sun.nio.ch.IOUtil.readIntoNativeBuffer(IOUtil.java:223) ~[?:1.8.0_121]
	at sun.nio.ch.IOUtil.read(IOUtil.java:192) ~[?:1.8.0_121]
	at sun.nio.ch.SocketChannelImpl.read(SocketChannelImpl.java:380) ~[?:1.8.0_121]
	at io.netty.buffer.PooledUnsafeDirectByteBuf.setBytes(PooledUnsafeDirectByteBuf.java:288) ~[netty-all-4.1.13.Final.jar:4.1.13.Final]
	at io.netty.buffer.AbstractByteBuf.writeBytes(AbstractByteBuf.java:1100) ~[netty-all-4.1.13.Final.jar:4.1.13.Final]
	at io.netty.channel.socket.nio.NioSocketChannel.doReadBytes(NioSocketChannel.java:372) ~[netty-all-4.1.13.Final.jar:4.1.13.Final]
	at io.netty.channel.nio.AbstractNioByteChannel$NioByteUnsafe.read(AbstractNioByteChannel.java:123) [netty-all-4.1.13.Final.jar:4.1.13.Final]
	at io.netty.channel.nio.NioEventLoop.processSelectedKey(NioEventLoop.java:644) [netty-all-4.1.13.Final.jar:4.1.13.Final]
	at io.netty.channel.nio.NioEventLoop.processSelectedKeysOptimized(NioEventLoop.java:579) [netty-all-4.1.13.Final.jar:4.1.13.Final]
	at io.netty.channel.nio.NioEventLoop.processSelectedKeys(NioEventLoop.java:496) [netty-all-4.1.13.Final.jar:4.1.13.Final]
	at io.netty.channel.nio.NioEventLoop.run(NioEventLoop.java:458) [netty-all-4.1.13.Final.jar:4.1.13.Final]
	at io.netty.util.concurrent.SingleThreadEventExecutor$5.run(SingleThreadEventExecutor.java:858) [netty-all-4.1.13.Final.jar:4.1.13.Final]
	at io.netty.util.concurrent.DefaultThreadFactory$DefaultRunnableDecorator.run(DefaultThreadFactory.java:138) [netty-all-4.1.13.Final.jar:4.1.13.Final]
	at java.lang.Thread.run(Thread.java:745) [?:1.8.0_121]
00:29:00.194 [nioEventLoopGroup-3-2] ERROR com.tidus5.NettyTest.net.ServerHandler - 远程主机强迫关闭了一个现有的连接。
java.io.IOException: 远程主机强迫关闭了一个现有的连接。
	at sun.nio.ch.SocketDispatcher.read0(Native Method) ~[?:1.8.0_121]
	at sun.nio.ch.SocketDispatcher.read(SocketDispatcher.java:43) ~[?:1.8.0_121]
	at sun.nio.ch.IOUtil.readIntoNativeBuffer(IOUtil.java:223) ~[?:1.8.0_121]
	at sun.nio.ch.IOUtil.read(IOUtil.java:192) ~[?:1.8.0_121]
	at sun.nio.ch.SocketChannelImpl.read(SocketChannelImpl.java:380) ~[?:1.8.0_121]
	at io.netty.buffer.PooledUnsafeDirectByteBuf.setBytes(PooledUnsafeDirectByteBuf.java:288) ~[netty-all-4.1.13.Final.jar:4.1.13.Final]
	at io.netty.buffer.AbstractByteBuf.writeBytes(AbstractByteBuf.java:1100) ~[netty-all-4.1.13.Final.jar:4.1.13.Final]
	at io.netty.channel.socket.nio.NioSocketChannel.doReadBytes(NioSocketChannel.java:372) ~[netty-all-4.1.13.Final.jar:4.1.13.Final]
	at io.netty.channel.nio.AbstractNioByteChannel$NioByteUnsafe.read(AbstractNioByteChannel.java:123) [netty-all-4.1.13.Final.jar:4.1.13.Final]
	at io.netty.channel.nio.NioEventLoop.processSelectedKey(NioEventLoop.java:644) [netty-all-4.1.13.Final.jar:4.1.13.Final]
	at io.netty.channel.nio.NioEventLoop.processSelectedKeysOptimized(NioEventLoop.java:579) [netty-all-4.1.13.Final.jar:4.1.13.Final]
	at io.netty.channel.nio.NioEventLoop.processSelectedKeys(NioEventLoop.java:496) [netty-all-4.1.13.Final.jar:4.1.13.Final]
	at io.netty.channel.nio.NioEventLoop.run(NioEventLoop.java:458) [netty-all-4.1.13.Final.jar:4.1.13.Final]
	at io.netty.util.concurrent.SingleThreadEventExecutor$5.run(SingleThreadEventExecutor.java:858) [netty-all-4.1.13.Final.jar:4.1.13.Final]
	at io.netty.util.concurrent.DefaultThreadFactory$DefaultRunnableDecorator.run(DefaultThreadFactory.java:138) [netty-all-4.1.13.Final.jar:4.1.13.Final]
	at java.lang.Thread.run(Thread.java:745) [?:1.8.0_121]
00:32:52.136 [nioEventLoopGroup-2-1] WARN  io.netty.channel.DefaultChannelPipeline - An exceptionCaught() event was fired, and it reached at the tail of the pipeline. It usually means the last handler in the pipeline did not handle the exception.
java.io.IOException: 远程主机强迫关闭了一个现有的连接。
	at sun.nio.ch.SocketDispatcher.read0(Native Method) ~[?:1.8.0_121]
	at sun.nio.ch.SocketDispatcher.read(SocketDispatcher.java:43) ~[?:1.8.0_121]
	at sun.nio.ch.IOUtil.readIntoNativeBuffer(IOUtil.java:223) ~[?:1.8.0_121]
	at sun.nio.ch.IOUtil.read(IOUtil.java:192) ~[?:1.8.0_121]
	at sun.nio.ch.SocketChannelImpl.read(SocketChannelImpl.java:380) ~[?:1.8.0_121]
	at io.netty.buffer.PooledUnsafeDirectByteBuf.setBytes(PooledUnsafeDirectByteBuf.java:288) ~[netty-all-4.1.13.Final.jar:4.1.13.Final]
	at io.netty.buffer.AbstractByteBuf.writeBytes(AbstractByteBuf.java:1100) ~[netty-all-4.1.13.Final.jar:4.1.13.Final]
	at io.netty.channel.socket.nio.NioSocketChannel.doReadBytes(NioSocketChannel.java:372) ~[netty-all-4.1.13.Final.jar:4.1.13.Final]
	at io.netty.channel.nio.AbstractNioByteChannel$NioByteUnsafe.read(AbstractNioByteChannel.java:123) [netty-all-4.1.13.Final.jar:4.1.13.Final]
	at io.netty.channel.nio.NioEventLoop.processSelectedKey(NioEventLoop.java:644) [netty-all-4.1.13.Final.jar:4.1.13.Final]
	at io.netty.channel.nio.NioEventLoop.processSelectedKeysOptimized(NioEventLoop.java:579) [netty-all-4.1.13.Final.jar:4.1.13.Final]
	at io.netty.channel.nio.NioEventLoop.processSelectedKeys(NioEventLoop.java:496) [netty-all-4.1.13.Final.jar:4.1.13.Final]
	at io.netty.channel.nio.NioEventLoop.run(NioEventLoop.java:458) [netty-all-4.1.13.Final.jar:4.1.13.Final]
	at io.netty.util.concurrent.SingleThreadEventExecutor$5.run(SingleThreadEventExecutor.java:858) [netty-all-4.1.13.Final.jar:4.1.13.Final]
	at io.netty.util.concurrent.DefaultThreadFactory$DefaultRunnableDecorator.run(DefaultThreadFactory.java:138) [netty-all-4.1.13.Final.jar:4.1.13.Final]
	at java.lang.Thread.run(Thread.java:745) [?:1.8.0_121]
00:32:52.136 [nioEventLoopGroup-2-1] WARN  io.netty.channel.DefaultChannelPipeline - An exceptionCaught() event was fired, and it reached at the tail of the pipeline. It usually means the last handler in the pipeline did not handle the exception.
java.io.IOException: 远程主机强迫关闭了一个现有的连接。
	at sun.nio.ch.SocketDispatcher.read0(Native Method) ~[?:1.8.0_121]
	at sun.nio.ch.SocketDispatcher.read(SocketDispatcher.java:43) ~[?:1.8.0_121]
	at sun.nio.ch.IOUtil.readIntoNativeBuffer(IOUtil.java:223) ~[?:1.8.0_121]
	at sun.nio.ch.IOUtil.read(IOUtil.java:192) ~[?:1.8.0_121]
	at sun.nio.ch.SocketChannelImpl.read(SocketChannelImpl.java:380) ~[?:1.8.0_121]
	at io.netty.buffer.PooledUnsafeDirectByteBuf.setBytes(PooledUnsafeDirectByteBuf.java:288) ~[netty-all-4.1.13.Final.jar:4.1.13.Final]
	at io.netty.buffer.AbstractByteBuf.writeBytes(AbstractByteBuf.java:1100) ~[netty-all-4.1.13.Final.jar:4.1.13.Final]
	at io.netty.channel.socket.nio.NioSocketChannel.doReadBytes(NioSocketChannel.java:372) ~[netty-all-4.1.13.Final.jar:4.1.13.Final]
	at io.netty.channel.nio.AbstractNioByteChannel$NioByteUnsafe.read(AbstractNioByteChannel.java:123) [netty-all-4.1.13.Final.jar:4.1.13.Final]
	at io.netty.channel.nio.NioEventLoop.processSelectedKey(NioEventLoop.java:644) [netty-all-4.1.13.Final.jar:4.1.13.Final]
	at io.netty.channel.nio.NioEventLoop.processSelectedKeysOptimized(NioEventLoop.java:579) [netty-all-4.1.13.Final.jar:4.1.13.Final]
	at io.netty.channel.nio.NioEventLoop.processSelectedKeys(NioEventLoop.java:496) [netty-all-4.1.13.Final.jar:4.1.13.Final]
	at io.netty.channel.nio.NioEventLoop.run(NioEventLoop.java:458) [netty-all-4.1.13.Final.jar:4.1.13.Final]
	at io.netty.util.concurrent.SingleThreadEventExecutor$5.run(SingleThreadEventExecutor.java:858) [netty-all-4.1.13.Final.jar:4.1.13.Final]
	at io.netty.util.concurrent.DefaultThreadFactory$DefaultRunnableDecorator.run(DefaultThreadFactory.java:138) [netty-all-4.1.13.Final.jar:4.1.13.Final]
	at java.lang.Thread.run(Thread.java:745) [?:1.8.0_121]
00:45:26.817 [nioEventLoopGroup-2-1] ERROR com.tidus5.NettyTest.net.ServerHandler - 远程主机强迫关闭了一个现有的连接。
java.io.IOException: 远程主机强迫关闭了一个现有的连接。
	at sun.nio.ch.SocketDispatcher.read0(Native Method) ~[?:1.8.0_121]
	at sun.nio.ch.SocketDispatcher.read(SocketDispatcher.java:43) ~[?:1.8.0_121]
	at sun.nio.ch.IOUtil.readIntoNativeBuffer(IOUtil.java:223) ~[?:1.8.0_121]
	at sun.nio.ch.IOUtil.read(IOUtil.java:192) ~[?:1.8.0_121]
	at sun.nio.ch.SocketChannelImpl.read(SocketChannelImpl.java:380) ~[?:1.8.0_121]
	at io.netty.buffer.PooledUnsafeDirectByteBuf.setBytes(PooledUnsafeDirectByteBuf.java:288) ~[netty-all-4.1.13.Final.jar:4.1.13.Final]
	at io.netty.buffer.AbstractByteBuf.writeBytes(AbstractByteBuf.java:1100) ~[netty-all-4.1.13.Final.jar:4.1.13.Final]
	at io.netty.channel.socket.nio.NioSocketChannel.doReadBytes(NioSocketChannel.java:372) ~[netty-all-4.1.13.Final.jar:4.1.13.Final]
	at io.netty.channel.nio.AbstractNioByteChannel$NioByteUnsafe.read(AbstractNioByteChannel.java:123) [netty-all-4.1.13.Final.jar:4.1.13.Final]
	at io.netty.channel.nio.NioEventLoop.processSelectedKey(NioEventLoop.java:644) [netty-all-4.1.13.Final.jar:4.1.13.Final]
	at io.netty.channel.nio.NioEventLoop.processSelectedKeysOptimized(NioEventLoop.java:579) [netty-all-4.1.13.Final.jar:4.1.13.Final]
	at io.netty.channel.nio.NioEventLoop.processSelectedKeys(NioEventLoop.java:496) [netty-all-4.1.13.Final.jar:4.1.13.Final]
	at io.netty.channel.nio.NioEventLoop.run(NioEventLoop.java:458) [netty-all-4.1.13.Final.jar:4.1.13.Final]
	at io.netty.util.concurrent.SingleThreadEventExecutor$5.run(SingleThreadEventExecutor.java:858) [netty-all-4.1.13.Final.jar:4.1.13.Final]
	at io.netty.util.concurrent.DefaultThreadFactory$DefaultRunnableDecorator.run(DefaultThreadFactory.java:138) [netty-all-4.1.13.Final.jar:4.1.13.Final]
	at java.lang.Thread.run(Thread.java:745) [?:1.8.0_121]
00:45:35.783 [nioEventLoopGroup-3-1] ERROR com.tidus5.NettyTest.net.ServerHandler - null
java.nio.BufferOverflowException: null
	at java.nio.HeapByteBuffer.put(HeapByteBuffer.java:189) ~[?:1.8.0_121]
	at java.nio.ByteBuffer.put(ByteBuffer.java:859) ~[?:1.8.0_121]
	at com.tidus5.NettyTest.net.ServerHandler.channelActive(ServerHandler.java:22) ~[classes/:?]
	at io.netty.channel.AbstractChannelHandlerContext.invokeChannelActive(AbstractChannelHandlerContext.java:213) [netty-all-4.1.13.Final.jar:4.1.13.Final]
	at io.netty.channel.AbstractChannelHandlerContext.invokeChannelActive(AbstractChannelHandlerContext.java:199) [netty-all-4.1.13.Final.jar:4.1.13.Final]
	at io.netty.channel.AbstractChannelHandlerContext.fireChannelActive(AbstractChannelHandlerContext.java:192) [netty-all-4.1.13.Final.jar:4.1.13.Final]
	at io.netty.channel.ChannelInboundHandlerAdapter.channelActive(ChannelInboundHandlerAdapter.java:64) [netty-all-4.1.13.Final.jar:4.1.13.Final]
	at io.netty.channel.AbstractChannelHandlerContext.invokeChannelActive(AbstractChannelHandlerContext.java:213) [netty-all-4.1.13.Final.jar:4.1.13.Final]
	at io.netty.channel.AbstractChannelHandlerContext.invokeChannelActive(AbstractChannelHandlerContext.java:199) [netty-all-4.1.13.Final.jar:4.1.13.Final]
	at io.netty.channel.AbstractChannelHandlerContext.fireChannelActive(AbstractChannelHandlerContext.java:192) [netty-all-4.1.13.Final.jar:4.1.13.Final]
	at io.netty.channel.DefaultChannelPipeline$HeadContext.channelActive(DefaultChannelPipeline.java:1322) [netty-all-4.1.13.Final.jar:4.1.13.Final]
	at io.netty.channel.AbstractChannelHandlerContext.invokeChannelActive(AbstractChannelHandlerContext.java:213) [netty-all-4.1.13.Final.jar:4.1.13.Final]
	at io.netty.channel.AbstractChannelHandlerContext.invokeChannelActive(AbstractChannelHandlerContext.java:199) [netty-all-4.1.13.Final.jar:4.1.13.Final]
	at io.netty.channel.DefaultChannelPipeline.fireChannelActive(DefaultChannelPipeline.java:902) [netty-all-4.1.13.Final.jar:4.1.13.Final]
	at io.netty.channel.AbstractChannel$AbstractUnsafe.register0(AbstractChannel.java:514) [netty-all-4.1.13.Final.jar:4.1.13.Final]
	at io.netty.channel.AbstractChannel$AbstractUnsafe.access$200(AbstractChannel.java:419) [netty-all-4.1.13.Final.jar:4.1.13.Final]
	at io.netty.channel.AbstractChannel$AbstractUnsafe$1.run(AbstractChannel.java:478) [netty-all-4.1.13.Final.jar:4.1.13.Final]
	at io.netty.util.concurrent.AbstractEventExecutor.safeExecute(AbstractEventExecutor.java:163) [netty-all-4.1.13.Final.jar:4.1.13.Final]
	at io.netty.util.concurrent.SingleThreadEventExecutor.runAllTasks(SingleThreadEventExecutor.java:403) [netty-all-4.1.13.Final.jar:4.1.13.Final]
	at io.netty.channel.nio.NioEventLoop.run(NioEventLoop.java:462) [netty-all-4.1.13.Final.jar:4.1.13.Final]
	at io.netty.util.concurrent.SingleThreadEventExecutor$5.run(SingleThreadEventExecutor.java:858) [netty-all-4.1.13.Final.jar:4.1.13.Final]
	at io.netty.util.concurrent.DefaultThreadFactory$DefaultRunnableDecorator.run(DefaultThreadFactory.java:138) [netty-all-4.1.13.Final.jar:4.1.13.Final]
	at java.lang.Thread.run(Thread.java:745) [?:1.8.0_121]
00:47:12.070 [nioEventLoopGroup-2-1] ERROR com.tidus5.NettyTest.net.ServerHandler - 远程主机强迫关闭了一个现有的连接。
java.io.IOException: 远程主机强迫关闭了一个现有的连接。
	at sun.nio.ch.SocketDispatcher.read0(Native Method) ~[?:1.8.0_121]
	at sun.nio.ch.SocketDispatcher.read(SocketDispatcher.java:43) ~[?:1.8.0_121]
	at sun.nio.ch.IOUtil.readIntoNativeBuffer(IOUtil.java:223) ~[?:1.8.0_121]
	at sun.nio.ch.IOUtil.read(IOUtil.java:192) ~[?:1.8.0_121]
	at sun.nio.ch.SocketChannelImpl.read(SocketChannelImpl.java:380) ~[?:1.8.0_121]
	at io.netty.buffer.PooledUnsafeDirectByteBuf.setBytes(PooledUnsafeDirectByteBuf.java:288) ~[netty-all-4.1.13.Final.jar:4.1.13.Final]
	at io.netty.buffer.AbstractByteBuf.writeBytes(AbstractByteBuf.java:1100) ~[netty-all-4.1.13.Final.jar:4.1.13.Final]
	at io.netty.channel.socket.nio.NioSocketChannel.doReadBytes(NioSocketChannel.java:372) ~[netty-all-4.1.13.Final.jar:4.1.13.Final]
	at io.netty.channel.nio.AbstractNioByteChannel$NioByteUnsafe.read(AbstractNioByteChannel.java:123) [netty-all-4.1.13.Final.jar:4.1.13.Final]
	at io.netty.channel.nio.NioEventLoop.processSelectedKey(NioEventLoop.java:644) [netty-all-4.1.13.Final.jar:4.1.13.Final]
	at io.netty.channel.nio.NioEventLoop.processSelectedKeysOptimized(NioEventLoop.java:579) [netty-all-4.1.13.Final.jar:4.1.13.Final]
	at io.netty.channel.nio.NioEventLoop.processSelectedKeys(NioEventLoop.java:496) [netty-all-4.1.13.Final.jar:4.1.13.Final]
	at io.netty.channel.nio.NioEventLoop.run(NioEventLoop.java:458) [netty-all-4.1.13.Final.jar:4.1.13.Final]
	at io.netty.util.concurrent.SingleThreadEventExecutor$5.run(SingleThreadEventExecutor.java:858) [netty-all-4.1.13.Final.jar:4.1.13.Final]
	at io.netty.util.concurrent.DefaultThreadFactory$DefaultRunnableDecorator.run(DefaultThreadFactory.java:138) [netty-all-4.1.13.Final.jar:4.1.13.Final]
	at java.lang.Thread.run(Thread.java:745) [?:1.8.0_121]
00:47:22.175 [nioEventLoopGroup-3-1] ERROR com.tidus5.NettyTest.net.ServerHandler - null
java.nio.BufferOverflowException: null
	at java.nio.HeapByteBuffer.put(HeapByteBuffer.java:189) ~[?:1.8.0_121]
	at java.nio.ByteBuffer.put(ByteBuffer.java:859) ~[?:1.8.0_121]
	at com.tidus5.NettyTest.net.ServerHandler.channelActive(ServerHandler.java:23) ~[classes/:?]
	at io.netty.channel.AbstractChannelHandlerContext.invokeChannelActive(AbstractChannelHandlerContext.java:213) [netty-all-4.1.13.Final.jar:4.1.13.Final]
	at io.netty.channel.AbstractChannelHandlerContext.invokeChannelActive(AbstractChannelHandlerContext.java:199) [netty-all-4.1.13.Final.jar:4.1.13.Final]
	at io.netty.channel.AbstractChannelHandlerContext.fireChannelActive(AbstractChannelHandlerContext.java:192) [netty-all-4.1.13.Final.jar:4.1.13.Final]
	at io.netty.channel.ChannelInboundHandlerAdapter.channelActive(ChannelInboundHandlerAdapter.java:64) [netty-all-4.1.13.Final.jar:4.1.13.Final]
	at io.netty.channel.AbstractChannelHandlerContext.invokeChannelActive(AbstractChannelHandlerContext.java:213) [netty-all-4.1.13.Final.jar:4.1.13.Final]
	at io.netty.channel.AbstractChannelHandlerContext.invokeChannelActive(AbstractChannelHandlerContext.java:199) [netty-all-4.1.13.Final.jar:4.1.13.Final]
	at io.netty.channel.AbstractChannelHandlerContext.fireChannelActive(AbstractChannelHandlerContext.java:192) [netty-all-4.1.13.Final.jar:4.1.13.Final]
	at io.netty.channel.DefaultChannelPipeline$HeadContext.channelActive(DefaultChannelPipeline.java:1322) [netty-all-4.1.13.Final.jar:4.1.13.Final]
	at io.netty.channel.AbstractChannelHandlerContext.invokeChannelActive(AbstractChannelHandlerContext.java:213) [netty-all-4.1.13.Final.jar:4.1.13.Final]
	at io.netty.channel.AbstractChannelHandlerContext.invokeChannelActive(AbstractChannelHandlerContext.java:199) [netty-all-4.1.13.Final.jar:4.1.13.Final]
	at io.netty.channel.DefaultChannelPipeline.fireChannelActive(DefaultChannelPipeline.java:902) [netty-all-4.1.13.Final.jar:4.1.13.Final]
	at io.netty.channel.AbstractChannel$AbstractUnsafe.register0(AbstractChannel.java:514) [netty-all-4.1.13.Final.jar:4.1.13.Final]
	at io.netty.channel.AbstractChannel$AbstractUnsafe.access$200(AbstractChannel.java:419) [netty-all-4.1.13.Final.jar:4.1.13.Final]
	at io.netty.channel.AbstractChannel$AbstractUnsafe$1.run(AbstractChannel.java:478) [netty-all-4.1.13.Final.jar:4.1.13.Final]
	at io.netty.util.concurrent.AbstractEventExecutor.safeExecute(AbstractEventExecutor.java:163) [netty-all-4.1.13.Final.jar:4.1.13.Final]
	at io.netty.util.concurrent.SingleThreadEventExecutor.runAllTasks(SingleThreadEventExecutor.java:403) [netty-all-4.1.13.Final.jar:4.1.13.Final]
	at io.netty.channel.nio.NioEventLoop.run(NioEventLoop.java:462) [netty-all-4.1.13.Final.jar:4.1.13.Final]
	at io.netty.util.concurrent.SingleThreadEventExecutor$5.run(SingleThreadEventExecutor.java:858) [netty-all-4.1.13.Final.jar:4.1.13.Final]
	at io.netty.util.concurrent.DefaultThreadFactory$DefaultRunnableDecorator.run(DefaultThreadFactory.java:138) [netty-all-4.1.13.Final.jar:4.1.13.Final]
	at java.lang.Thread.run(Thread.java:745) [?:1.8.0_121]
00:48:05.806 [nioEventLoopGroup-2-1] ERROR com.tidus5.NettyTest.net.ServerHandler - 远程主机强迫关闭了一个现有的连接。
java.io.IOException: 远程主机强迫关闭了一个现有的连接。
	at sun.nio.ch.SocketDispatcher.read0(Native Method) ~[?:1.8.0_121]
	at sun.nio.ch.SocketDispatcher.read(SocketDispatcher.java:43) ~[?:1.8.0_121]
	at sun.nio.ch.IOUtil.readIntoNativeBuffer(IOUtil.java:223) ~[?:1.8.0_121]
	at sun.nio.ch.IOUtil.read(IOUtil.java:192) ~[?:1.8.0_121]
	at sun.nio.ch.SocketChannelImpl.read(SocketChannelImpl.java:380) ~[?:1.8.0_121]
	at io.netty.buffer.PooledUnsafeDirectByteBuf.setBytes(PooledUnsafeDirectByteBuf.java:288) ~[netty-all-4.1.13.Final.jar:4.1.13.Final]
	at io.netty.buffer.AbstractByteBuf.writeBytes(AbstractByteBuf.java:1100) ~[netty-all-4.1.13.Final.jar:4.1.13.Final]
	at io.netty.channel.socket.nio.NioSocketChannel.doReadBytes(NioSocketChannel.java:372) ~[netty-all-4.1.13.Final.jar:4.1.13.Final]
	at io.netty.channel.nio.AbstractNioByteChannel$NioByteUnsafe.read(AbstractNioByteChannel.java:123) [netty-all-4.1.13.Final.jar:4.1.13.Final]
	at io.netty.channel.nio.NioEventLoop.processSelectedKey(NioEventLoop.java:644) [netty-all-4.1.13.Final.jar:4.1.13.Final]
	at io.netty.channel.nio.NioEventLoop.processSelectedKeysOptimized(NioEventLoop.java:579) [netty-all-4.1.13.Final.jar:4.1.13.Final]
	at io.netty.channel.nio.NioEventLoop.processSelectedKeys(NioEventLoop.java:496) [netty-all-4.1.13.Final.jar:4.1.13.Final]
	at io.netty.channel.nio.NioEventLoop.run(NioEventLoop.java:458) [netty-all-4.1.13.Final.jar:4.1.13.Final]
	at io.netty.util.concurrent.SingleThreadEventExecutor$5.run(SingleThreadEventExecutor.java:858) [netty-all-4.1.13.Final.jar:4.1.13.Final]
	at io.netty.util.concurrent.DefaultThreadFactory$DefaultRunnableDecorator.run(DefaultThreadFactory.java:138) [netty-all-4.1.13.Final.jar:4.1.13.Final]
	at java.lang.Thread.run(Thread.java:745) [?:1.8.0_121]
00:48:13.828 [nioEventLoopGroup-3-1] ERROR com.tidus5.NettyTest.net.ServerHandler - null
java.nio.BufferOverflowException: null
	at java.nio.HeapByteBuffer.put(HeapByteBuffer.java:189) ~[?:1.8.0_121]
	at java.nio.ByteBuffer.put(ByteBuffer.java:859) ~[?:1.8.0_121]
	at com.tidus5.NettyTest.net.ServerHandler.channelActive(ServerHandler.java:23) ~[classes/:?]
	at io.netty.channel.AbstractChannelHandlerContext.invokeChannelActive(AbstractChannelHandlerContext.java:213) [netty-all-4.1.13.Final.jar:4.1.13.Final]
	at io.netty.channel.AbstractChannelHandlerContext.invokeChannelActive(AbstractChannelHandlerContext.java:199) [netty-all-4.1.13.Final.jar:4.1.13.Final]
	at io.netty.channel.AbstractChannelHandlerContext.fireChannelActive(AbstractChannelHandlerContext.java:192) [netty-all-4.1.13.Final.jar:4.1.13.Final]
	at io.netty.channel.ChannelInboundHandlerAdapter.channelActive(ChannelInboundHandlerAdapter.java:64) [netty-all-4.1.13.Final.jar:4.1.13.Final]
	at io.netty.channel.AbstractChannelHandlerContext.invokeChannelActive(AbstractChannelHandlerContext.java:213) [netty-all-4.1.13.Final.jar:4.1.13.Final]
	at io.netty.channel.AbstractChannelHandlerContext.invokeChannelActive(AbstractChannelHandlerContext.java:199) [netty-all-4.1.13.Final.jar:4.1.13.Final]
	at io.netty.channel.AbstractChannelHandlerContext.fireChannelActive(AbstractChannelHandlerContext.java:192) [netty-all-4.1.13.Final.jar:4.1.13.Final]
	at io.netty.channel.DefaultChannelPipeline$HeadContext.channelActive(DefaultChannelPipeline.java:1322) [netty-all-4.1.13.Final.jar:4.1.13.Final]
	at io.netty.channel.AbstractChannelHandlerContext.invokeChannelActive(AbstractChannelHandlerContext.java:213) [netty-all-4.1.13.Final.jar:4.1.13.Final]
	at io.netty.channel.AbstractChannelHandlerContext.invokeChannelActive(AbstractChannelHandlerContext.java:199) [netty-all-4.1.13.Final.jar:4.1.13.Final]
	at io.netty.channel.DefaultChannelPipeline.fireChannelActive(DefaultChannelPipeline.java:902) [netty-all-4.1.13.Final.jar:4.1.13.Final]
	at io.netty.channel.AbstractChannel$AbstractUnsafe.register0(AbstractChannel.java:514) [netty-all-4.1.13.Final.jar:4.1.13.Final]
	at io.netty.channel.AbstractChannel$AbstractUnsafe.access$200(AbstractChannel.java:419) [netty-all-4.1.13.Final.jar:4.1.13.Final]
	at io.netty.channel.AbstractChannel$AbstractUnsafe$1.run(AbstractChannel.java:478) [netty-all-4.1.13.Final.jar:4.1.13.Final]
	at io.netty.util.concurrent.AbstractEventExecutor.safeExecute(AbstractEventExecutor.java:163) [netty-all-4.1.13.Final.jar:4.1.13.Final]
	at io.netty.util.concurrent.SingleThreadEventExecutor.runAllTasks(SingleThreadEventExecutor.java:403) [netty-all-4.1.13.Final.jar:4.1.13.Final]
	at io.netty.channel.nio.NioEventLoop.run(NioEventLoop.java:462) [netty-all-4.1.13.Final.jar:4.1.13.Final]
	at io.netty.util.concurrent.SingleThreadEventExecutor$5.run(SingleThreadEventExecutor.java:858) [netty-all-4.1.13.Final.jar:4.1.13.Final]
	at io.netty.util.concurrent.DefaultThreadFactory$DefaultRunnableDecorator.run(DefaultThreadFactory.java:138) [netty-all-4.1.13.Final.jar:4.1.13.Final]
	at java.lang.Thread.run(Thread.java:745) [?:1.8.0_121]
00:49:39.525 [nioEventLoopGroup-3-1] ERROR com.tidus5.NettyTest.net.ServerHandler - null
java.nio.BufferOverflowException: null
	at java.nio.HeapByteBuffer.put(HeapByteBuffer.java:189) ~[?:1.8.0_121]
	at java.nio.ByteBuffer.put(ByteBuffer.java:859) ~[?:1.8.0_121]
	at com.tidus5.NettyTest.net.ServerHandler.channelActive(ServerHandler.java:23) ~[classes/:?]
	at io.netty.channel.AbstractChannelHandlerContext.invokeChannelActive(AbstractChannelHandlerContext.java:213) [netty-all-4.1.13.Final.jar:4.1.13.Final]
	at io.netty.channel.AbstractChannelHandlerContext.invokeChannelActive(AbstractChannelHandlerContext.java:199) [netty-all-4.1.13.Final.jar:4.1.13.Final]
	at io.netty.channel.AbstractChannelHandlerContext.fireChannelActive(AbstractChannelHandlerContext.java:192) [netty-all-4.1.13.Final.jar:4.1.13.Final]
	at io.netty.channel.ChannelInboundHandlerAdapter.channelActive(ChannelInboundHandlerAdapter.java:64) [netty-all-4.1.13.Final.jar:4.1.13.Final]
	at io.netty.channel.AbstractChannelHandlerContext.invokeChannelActive(AbstractChannelHandlerContext.java:213) [netty-all-4.1.13.Final.jar:4.1.13.Final]
	at io.netty.channel.AbstractChannelHandlerContext.invokeChannelActive(AbstractChannelHandlerContext.java:199) [netty-all-4.1.13.Final.jar:4.1.13.Final]
	at io.netty.channel.AbstractChannelHandlerContext.fireChannelActive(AbstractChannelHandlerContext.java:192) [netty-all-4.1.13.Final.jar:4.1.13.Final]
	at io.netty.channel.DefaultChannelPipeline$HeadContext.channelActive(DefaultChannelPipeline.java:1322) [netty-all-4.1.13.Final.jar:4.1.13.Final]
	at io.netty.channel.AbstractChannelHandlerContext.invokeChannelActive(AbstractChannelHandlerContext.java:213) [netty-all-4.1.13.Final.jar:4.1.13.Final]
	at io.netty.channel.AbstractChannelHandlerContext.invokeChannelActive(AbstractChannelHandlerContext.java:199) [netty-all-4.1.13.Final.jar:4.1.13.Final]
	at io.netty.channel.DefaultChannelPipeline.fireChannelActive(DefaultChannelPipeline.java:902) [netty-all-4.1.13.Final.jar:4.1.13.Final]
	at io.netty.channel.AbstractChannel$AbstractUnsafe.register0(AbstractChannel.java:514) [netty-all-4.1.13.Final.jar:4.1.13.Final]
	at io.netty.channel.AbstractChannel$AbstractUnsafe.access$200(AbstractChannel.java:419) [netty-all-4.1.13.Final.jar:4.1.13.Final]
	at io.netty.channel.AbstractChannel$AbstractUnsafe$1.run(AbstractChannel.java:478) [netty-all-4.1.13.Final.jar:4.1.13.Final]
	at io.netty.util.concurrent.AbstractEventExecutor.safeExecute(AbstractEventExecutor.java:163) [netty-all-4.1.13.Final.jar:4.1.13.Final]
	at io.netty.util.concurrent.SingleThreadEventExecutor.runAllTasks(SingleThreadEventExecutor.java:403) [netty-all-4.1.13.Final.jar:4.1.13.Final]
	at io.netty.channel.nio.NioEventLoop.run(NioEventLoop.java:462) [netty-all-4.1.13.Final.jar:4.1.13.Final]
	at io.netty.util.concurrent.SingleThreadEventExecutor$5.run(SingleThreadEventExecutor.java:858) [netty-all-4.1.13.Final.jar:4.1.13.Final]
	at io.netty.util.concurrent.DefaultThreadFactory$DefaultRunnableDecorator.run(DefaultThreadFactory.java:138) [netty-all-4.1.13.Final.jar:4.1.13.Final]
	at java.lang.Thread.run(Thread.java:745) [?:1.8.0_121]
00:49:48.930 [nioEventLoopGroup-2-1] ERROR com.tidus5.NettyTest.net.ServerHandler - 远程主机强迫关闭了一个现有的连接。
java.io.IOException: 远程主机强迫关闭了一个现有的连接。
	at sun.nio.ch.SocketDispatcher.read0(Native Method) ~[?:1.8.0_121]
	at sun.nio.ch.SocketDispatcher.read(SocketDispatcher.java:43) ~[?:1.8.0_121]
	at sun.nio.ch.IOUtil.readIntoNativeBuffer(IOUtil.java:223) ~[?:1.8.0_121]
	at sun.nio.ch.IOUtil.read(IOUtil.java:192) ~[?:1.8.0_121]
	at sun.nio.ch.SocketChannelImpl.read(SocketChannelImpl.java:380) ~[?:1.8.0_121]
	at io.netty.buffer.PooledUnsafeDirectByteBuf.setBytes(PooledUnsafeDirectByteBuf.java:288) ~[netty-all-4.1.13.Final.jar:4.1.13.Final]
	at io.netty.buffer.AbstractByteBuf.writeBytes(AbstractByteBuf.java:1100) ~[netty-all-4.1.13.Final.jar:4.1.13.Final]
	at io.netty.channel.socket.nio.NioSocketChannel.doReadBytes(NioSocketChannel.java:372) ~[netty-all-4.1.13.Final.jar:4.1.13.Final]
	at io.netty.channel.nio.AbstractNioByteChannel$NioByteUnsafe.read(AbstractNioByteChannel.java:123) [netty-all-4.1.13.Final.jar:4.1.13.Final]
	at io.netty.channel.nio.NioEventLoop.processSelectedKey(NioEventLoop.java:644) [netty-all-4.1.13.Final.jar:4.1.13.Final]
	at io.netty.channel.nio.NioEventLoop.processSelectedKeysOptimized(NioEventLoop.java:579) [netty-all-4.1.13.Final.jar:4.1.13.Final]
	at io.netty.channel.nio.NioEventLoop.processSelectedKeys(NioEventLoop.java:496) [netty-all-4.1.13.Final.jar:4.1.13.Final]
	at io.netty.channel.nio.NioEventLoop.run(NioEventLoop.java:458) [netty-all-4.1.13.Final.jar:4.1.13.Final]
	at io.netty.util.concurrent.SingleThreadEventExecutor$5.run(SingleThreadEventExecutor.java:858) [netty-all-4.1.13.Final.jar:4.1.13.Final]
	at io.netty.util.concurrent.DefaultThreadFactory$DefaultRunnableDecorator.run(DefaultThreadFactory.java:138) [netty-all-4.1.13.Final.jar:4.1.13.Final]
	at java.lang.Thread.run(Thread.java:745) [?:1.8.0_121]
00:49:59.019 [nioEventLoopGroup-3-1] ERROR com.tidus5.NettyTest.net.ServerHandler - null
java.nio.BufferOverflowException: null
	at java.nio.HeapByteBuffer.put(HeapByteBuffer.java:189) ~[?:1.8.0_121]
	at java.nio.ByteBuffer.put(ByteBuffer.java:859) ~[?:1.8.0_121]
	at com.tidus5.NettyTest.net.ServerHandler.channelActive(ServerHandler.java:23) ~[classes/:?]
	at io.netty.channel.AbstractChannelHandlerContext.invokeChannelActive(AbstractChannelHandlerContext.java:213) [netty-all-4.1.13.Final.jar:4.1.13.Final]
	at io.netty.channel.AbstractChannelHandlerContext.invokeChannelActive(AbstractChannelHandlerContext.java:199) [netty-all-4.1.13.Final.jar:4.1.13.Final]
	at io.netty.channel.AbstractChannelHandlerContext.fireChannelActive(AbstractChannelHandlerContext.java:192) [netty-all-4.1.13.Final.jar:4.1.13.Final]
	at io.netty.channel.ChannelInboundHandlerAdapter.channelActive(ChannelInboundHandlerAdapter.java:64) [netty-all-4.1.13.Final.jar:4.1.13.Final]
	at io.netty.channel.AbstractChannelHandlerContext.invokeChannelActive(AbstractChannelHandlerContext.java:213) [netty-all-4.1.13.Final.jar:4.1.13.Final]
	at io.netty.channel.AbstractChannelHandlerContext.invokeChannelActive(AbstractChannelHandlerContext.java:199) [netty-all-4.1.13.Final.jar:4.1.13.Final]
	at io.netty.channel.AbstractChannelHandlerContext.fireChannelActive(AbstractChannelHandlerContext.java:192) [netty-all-4.1.13.Final.jar:4.1.13.Final]
	at io.netty.channel.DefaultChannelPipeline$HeadContext.channelActive(DefaultChannelPipeline.java:1322) [netty-all-4.1.13.Final.jar:4.1.13.Final]
	at io.netty.channel.AbstractChannelHandlerContext.invokeChannelActive(AbstractChannelHandlerContext.java:213) [netty-all-4.1.13.Final.jar:4.1.13.Final]
	at io.netty.channel.AbstractChannelHandlerContext.invokeChannelActive(AbstractChannelHandlerContext.java:199) [netty-all-4.1.13.Final.jar:4.1.13.Final]
	at io.netty.channel.DefaultChannelPipeline.fireChannelActive(DefaultChannelPipeline.java:902) [netty-all-4.1.13.Final.jar:4.1.13.Final]
	at io.netty.channel.AbstractChannel$AbstractUnsafe.register0(AbstractChannel.java:514) [netty-all-4.1.13.Final.jar:4.1.13.Final]
	at io.netty.channel.AbstractChannel$AbstractUnsafe.access$200(AbstractChannel.java:419) [netty-all-4.1.13.Final.jar:4.1.13.Final]
	at io.netty.channel.AbstractChannel$AbstractUnsafe$1.run(AbstractChannel.java:478) [netty-all-4.1.13.Final.jar:4.1.13.Final]
	at io.netty.util.concurrent.AbstractEventExecutor.safeExecute(AbstractEventExecutor.java:163) [netty-all-4.1.13.Final.jar:4.1.13.Final]
	at io.netty.util.concurrent.SingleThreadEventExecutor.runAllTasks(SingleThreadEventExecutor.java:403) [netty-all-4.1.13.Final.jar:4.1.13.Final]
	at io.netty.channel.nio.NioEventLoop.run(NioEventLoop.java:462) [netty-all-4.1.13.Final.jar:4.1.13.Final]
	at io.netty.util.concurrent.SingleThreadEventExecutor$5.run(SingleThreadEventExecutor.java:858) [netty-all-4.1.13.Final.jar:4.1.13.Final]
	at io.netty.util.concurrent.DefaultThreadFactory$DefaultRunnableDecorator.run(DefaultThreadFactory.java:138) [netty-all-4.1.13.Final.jar:4.1.13.Final]
	at java.lang.Thread.run(Thread.java:745) [?:1.8.0_121]
00:50:14.593 [nioEventLoopGroup-2-1] ERROR com.tidus5.NettyTest.net.ServerHandler - 远程主机强迫关闭了一个现有的连接。
java.io.IOException: 远程主机强迫关闭了一个现有的连接。
	at sun.nio.ch.SocketDispatcher.read0(Native Method) ~[?:1.8.0_121]
	at sun.nio.ch.SocketDispatcher.read(SocketDispatcher.java:43) ~[?:1.8.0_121]
	at sun.nio.ch.IOUtil.readIntoNativeBuffer(IOUtil.java:223) ~[?:1.8.0_121]
	at sun.nio.ch.IOUtil.read(IOUtil.java:192) ~[?:1.8.0_121]
	at sun.nio.ch.SocketChannelImpl.read(SocketChannelImpl.java:380) ~[?:1.8.0_121]
	at io.netty.buffer.PooledUnsafeDirectByteBuf.setBytes(PooledUnsafeDirectByteBuf.java:288) ~[netty-all-4.1.13.Final.jar:4.1.13.Final]
	at io.netty.buffer.AbstractByteBuf.writeBytes(AbstractByteBuf.java:1100) ~[netty-all-4.1.13.Final.jar:4.1.13.Final]
	at io.netty.channel.socket.nio.NioSocketChannel.doReadBytes(NioSocketChannel.java:372) ~[netty-all-4.1.13.Final.jar:4.1.13.Final]
	at io.netty.channel.nio.AbstractNioByteChannel$NioByteUnsafe.read(AbstractNioByteChannel.java:123) [netty-all-4.1.13.Final.jar:4.1.13.Final]
	at io.netty.channel.nio.NioEventLoop.processSelectedKey(NioEventLoop.java:644) [netty-all-4.1.13.Final.jar:4.1.13.Final]
	at io.netty.channel.nio.NioEventLoop.processSelectedKeysOptimized(NioEventLoop.java:579) [netty-all-4.1.13.Final.jar:4.1.13.Final]
	at io.netty.channel.nio.NioEventLoop.processSelectedKeys(NioEventLoop.java:496) [netty-all-4.1.13.Final.jar:4.1.13.Final]
	at io.netty.channel.nio.NioEventLoop.run(NioEventLoop.java:458) [netty-all-4.1.13.Final.jar:4.1.13.Final]
	at io.netty.util.concurrent.SingleThreadEventExecutor$5.run(SingleThreadEventExecutor.java:858) [netty-all-4.1.13.Final.jar:4.1.13.Final]
	at io.netty.util.concurrent.DefaultThreadFactory$DefaultRunnableDecorator.run(DefaultThreadFactory.java:138) [netty-all-4.1.13.Final.jar:4.1.13.Final]
	at java.lang.Thread.run(Thread.java:745) [?:1.8.0_121]
00:51:08.130 [nioEventLoopGroup-3-1] ERROR com.tidus5.NettyTest.net.ServerHandler - null
java.nio.BufferOverflowException: null
	at java.nio.HeapByteBuffer.put(HeapByteBuffer.java:189) ~[?:1.8.0_121]
	at java.nio.ByteBuffer.put(ByteBuffer.java:859) ~[?:1.8.0_121]
	at com.tidus5.NettyTest.net.ServerHandler.channelActive(ServerHandler.java:24) ~[classes/:?]
	at io.netty.channel.AbstractChannelHandlerContext.invokeChannelActive(AbstractChannelHandlerContext.java:213) [netty-all-4.1.13.Final.jar:4.1.13.Final]
	at io.netty.channel.AbstractChannelHandlerContext.invokeChannelActive(AbstractChannelHandlerContext.java:199) [netty-all-4.1.13.Final.jar:4.1.13.Final]
	at io.netty.channel.AbstractChannelHandlerContext.fireChannelActive(AbstractChannelHandlerContext.java:192) [netty-all-4.1.13.Final.jar:4.1.13.Final]
	at io.netty.channel.ChannelInboundHandlerAdapter.channelActive(ChannelInboundHandlerAdapter.java:64) [netty-all-4.1.13.Final.jar:4.1.13.Final]
	at io.netty.channel.AbstractChannelHandlerContext.invokeChannelActive(AbstractChannelHandlerContext.java:213) [netty-all-4.1.13.Final.jar:4.1.13.Final]
	at io.netty.channel.AbstractChannelHandlerContext.invokeChannelActive(AbstractChannelHandlerContext.java:199) [netty-all-4.1.13.Final.jar:4.1.13.Final]
	at io.netty.channel.AbstractChannelHandlerContext.fireChannelActive(AbstractChannelHandlerContext.java:192) [netty-all-4.1.13.Final.jar:4.1.13.Final]
	at io.netty.channel.DefaultChannelPipeline$HeadContext.channelActive(DefaultChannelPipeline.java:1322) [netty-all-4.1.13.Final.jar:4.1.13.Final]
	at io.netty.channel.AbstractChannelHandlerContext.invokeChannelActive(AbstractChannelHandlerContext.java:213) [netty-all-4.1.13.Final.jar:4.1.13.Final]
	at io.netty.channel.AbstractChannelHandlerContext.invokeChannelActive(AbstractChannelHandlerContext.java:199) [netty-all-4.1.13.Final.jar:4.1.13.Final]
	at io.netty.channel.DefaultChannelPipeline.fireChannelActive(DefaultChannelPipeline.java:902) [netty-all-4.1.13.Final.jar:4.1.13.Final]
	at io.netty.channel.AbstractChannel$AbstractUnsafe.register0(AbstractChannel.java:514) [netty-all-4.1.13.Final.jar:4.1.13.Final]
	at io.netty.channel.AbstractChannel$AbstractUnsafe.access$200(AbstractChannel.java:419) [netty-all-4.1.13.Final.jar:4.1.13.Final]
	at io.netty.channel.AbstractChannel$AbstractUnsafe$1.run(AbstractChannel.java:478) [netty-all-4.1.13.Final.jar:4.1.13.Final]
	at io.netty.util.concurrent.AbstractEventExecutor.safeExecute(AbstractEventExecutor.java:163) [netty-all-4.1.13.Final.jar:4.1.13.Final]
	at io.netty.util.concurrent.SingleThreadEventExecutor.runAllTasks(SingleThreadEventExecutor.java:403) [netty-all-4.1.13.Final.jar:4.1.13.Final]
	at io.netty.channel.nio.NioEventLoop.run(NioEventLoop.java:462) [netty-all-4.1.13.Final.jar:4.1.13.Final]
	at io.netty.util.concurrent.SingleThreadEventExecutor$5.run(SingleThreadEventExecutor.java:858) [netty-all-4.1.13.Final.jar:4.1.13.Final]
	at io.netty.util.concurrent.DefaultThreadFactory$DefaultRunnableDecorator.run(DefaultThreadFactory.java:138) [netty-all-4.1.13.Final.jar:4.1.13.Final]
	at java.lang.Thread.run(Thread.java:745) [?:1.8.0_121]
00:51:32.685 [nioEventLoopGroup-2-1] ERROR com.tidus5.NettyTest.net.ServerHandler - 远程主机强迫关闭了一个现有的连接。
java.io.IOException: 远程主机强迫关闭了一个现有的连接。
	at sun.nio.ch.SocketDispatcher.read0(Native Method) ~[?:1.8.0_121]
	at sun.nio.ch.SocketDispatcher.read(SocketDispatcher.java:43) ~[?:1.8.0_121]
	at sun.nio.ch.IOUtil.readIntoNativeBuffer(IOUtil.java:223) ~[?:1.8.0_121]
	at sun.nio.ch.IOUtil.read(IOUtil.java:192) ~[?:1.8.0_121]
	at sun.nio.ch.SocketChannelImpl.read(SocketChannelImpl.java:380) ~[?:1.8.0_121]
	at io.netty.buffer.PooledUnsafeDirectByteBuf.setBytes(PooledUnsafeDirectByteBuf.java:288) ~[netty-all-4.1.13.Final.jar:4.1.13.Final]
	at io.netty.buffer.AbstractByteBuf.writeBytes(AbstractByteBuf.java:1100) ~[netty-all-4.1.13.Final.jar:4.1.13.Final]
	at io.netty.channel.socket.nio.NioSocketChannel.doReadBytes(NioSocketChannel.java:372) ~[netty-all-4.1.13.Final.jar:4.1.13.Final]
	at io.netty.channel.nio.AbstractNioByteChannel$NioByteUnsafe.read(AbstractNioByteChannel.java:123) [netty-all-4.1.13.Final.jar:4.1.13.Final]
	at io.netty.channel.nio.NioEventLoop.processSelectedKey(NioEventLoop.java:644) [netty-all-4.1.13.Final.jar:4.1.13.Final]
	at io.netty.channel.nio.NioEventLoop.processSelectedKeysOptimized(NioEventLoop.java:579) [netty-all-4.1.13.Final.jar:4.1.13.Final]
	at io.netty.channel.nio.NioEventLoop.processSelectedKeys(NioEventLoop.java:496) [netty-all-4.1.13.Final.jar:4.1.13.Final]
	at io.netty.channel.nio.NioEventLoop.run(NioEventLoop.java:458) [netty-all-4.1.13.Final.jar:4.1.13.Final]
	at io.netty.util.concurrent.SingleThreadEventExecutor$5.run(SingleThreadEventExecutor.java:858) [netty-all-4.1.13.Final.jar:4.1.13.Final]
	at io.netty.util.concurrent.DefaultThreadFactory$DefaultRunnableDecorator.run(DefaultThreadFactory.java:138) [netty-all-4.1.13.Final.jar:4.1.13.Final]
	at java.lang.Thread.run(Thread.java:745) [?:1.8.0_121]
00:51:54.707 [nioEventLoopGroup-3-1] ERROR com.tidus5.NettyTest.net.ServerHandler - 远程主机强迫关闭了一个现有的连接。
java.io.IOException: 远程主机强迫关闭了一个现有的连接。
	at sun.nio.ch.SocketDispatcher.read0(Native Method) ~[?:1.8.0_121]
	at sun.nio.ch.SocketDispatcher.read(SocketDispatcher.java:43) ~[?:1.8.0_121]
	at sun.nio.ch.IOUtil.readIntoNativeBuffer(IOUtil.java:223) ~[?:1.8.0_121]
	at sun.nio.ch.IOUtil.read(IOUtil.java:192) ~[?:1.8.0_121]
	at sun.nio.ch.SocketChannelImpl.read(SocketChannelImpl.java:380) ~[?:1.8.0_121]
	at io.netty.buffer.PooledUnsafeDirectByteBuf.setBytes(PooledUnsafeDirectByteBuf.java:288) ~[netty-all-4.1.13.Final.jar:4.1.13.Final]
	at io.netty.buffer.AbstractByteBuf.writeBytes(AbstractByteBuf.java:1100) ~[netty-all-4.1.13.Final.jar:4.1.13.Final]
	at io.netty.channel.socket.nio.NioSocketChannel.doReadBytes(NioSocketChannel.java:372) ~[netty-all-4.1.13.Final.jar:4.1.13.Final]
	at io.netty.channel.nio.AbstractNioByteChannel$NioByteUnsafe.read(AbstractNioByteChannel.java:123) [netty-all-4.1.13.Final.jar:4.1.13.Final]
	at io.netty.channel.nio.NioEventLoop.processSelectedKey(NioEventLoop.java:644) [netty-all-4.1.13.Final.jar:4.1.13.Final]
	at io.netty.channel.nio.NioEventLoop.processSelectedKeysOptimized(NioEventLoop.java:579) [netty-all-4.1.13.Final.jar:4.1.13.Final]
	at io.netty.channel.nio.NioEventLoop.processSelectedKeys(NioEventLoop.java:496) [netty-all-4.1.13.Final.jar:4.1.13.Final]
	at io.netty.channel.nio.NioEventLoop.run(NioEventLoop.java:458) [netty-all-4.1.13.Final.jar:4.1.13.Final]
	at io.netty.util.concurrent.SingleThreadEventExecutor$5.run(SingleThreadEventExecutor.java:858) [netty-all-4.1.13.Final.jar:4.1.13.Final]
	at io.netty.util.concurrent.DefaultThreadFactory$DefaultRunnableDecorator.run(DefaultThreadFactory.java:138) [netty-all-4.1.13.Final.jar:4.1.13.Final]
	at java.lang.Thread.run(Thread.java:745) [?:1.8.0_121]
00:55:35.605 [nioEventLoopGroup-3-1] ERROR com.tidus5.NettyTest.net.ServerHandler - 远程主机强迫关闭了一个现有的连接。
java.io.IOException: 远程主机强迫关闭了一个现有的连接。
	at sun.nio.ch.SocketDispatcher.read0(Native Method) ~[?:1.8.0_121]
	at sun.nio.ch.SocketDispatcher.read(SocketDispatcher.java:43) ~[?:1.8.0_121]
	at sun.nio.ch.IOUtil.readIntoNativeBuffer(IOUtil.java:223) ~[?:1.8.0_121]
	at sun.nio.ch.IOUtil.read(IOUtil.java:192) ~[?:1.8.0_121]
	at sun.nio.ch.SocketChannelImpl.read(SocketChannelImpl.java:380) ~[?:1.8.0_121]
	at io.netty.buffer.PooledUnsafeDirectByteBuf.setBytes(PooledUnsafeDirectByteBuf.java:288) ~[netty-all-4.1.13.Final.jar:4.1.13.Final]
	at io.netty.buffer.AbstractByteBuf.writeBytes(AbstractByteBuf.java:1100) ~[netty-all-4.1.13.Final.jar:4.1.13.Final]
	at io.netty.channel.socket.nio.NioSocketChannel.doReadBytes(NioSocketChannel.java:372) ~[netty-all-4.1.13.Final.jar:4.1.13.Final]
	at io.netty.channel.nio.AbstractNioByteChannel$NioByteUnsafe.read(AbstractNioByteChannel.java:123) [netty-all-4.1.13.Final.jar:4.1.13.Final]
	at io.netty.channel.nio.NioEventLoop.processSelectedKey(NioEventLoop.java:644) [netty-all-4.1.13.Final.jar:4.1.13.Final]
	at io.netty.channel.nio.NioEventLoop.processSelectedKeysOptimized(NioEventLoop.java:579) [netty-all-4.1.13.Final.jar:4.1.13.Final]
	at io.netty.channel.nio.NioEventLoop.processSelectedKeys(NioEventLoop.java:496) [netty-all-4.1.13.Final.jar:4.1.13.Final]
	at io.netty.channel.nio.NioEventLoop.run(NioEventLoop.java:458) [netty-all-4.1.13.Final.jar:4.1.13.Final]
	at io.netty.util.concurrent.SingleThreadEventExecutor$5.run(SingleThreadEventExecutor.java:858) [netty-all-4.1.13.Final.jar:4.1.13.Final]
	at io.netty.util.concurrent.DefaultThreadFactory$DefaultRunnableDecorator.run(DefaultThreadFactory.java:138) [netty-all-4.1.13.Final.jar:4.1.13.Final]
	at java.lang.Thread.run(Thread.java:745) [?:1.8.0_121]
00:57:14.490 [nioEventLoopGroup-2-1] ERROR com.tidus5.NettyTest.net.ServerHandler - 远程主机强迫关闭了一个现有的连接。
